<?xml version="1.0" encoding="UTF-8"?>
<!-- Generated by org.testng.reporters.JUnitReportReporter -->
<testsuite skipped="0" hostname="SumanSuma" name="sample.Demo" tests="1" failures="0" timestamp="2023-08-03T19:30:14 IST" time="0.010" errors="0">
  <testcase name="sample" time="0.010" classname="sample.Demo"/>
  <system-out/>
</testsuite> <!-- sample.Demo -->
